<?xml version="1.0" encoding="UTF-8"?>
<!-- Generated by org.testng.reporters.JUnitReportReporter -->
<testsuite hostname="Rekha-laptop" failures="0" tests="1" name="beauty.Denbenhams_Test" time="1.886" errors="0" timestamp="2024-02-22T11:19:13 GMT" skipped="0">
  <testcase classname="beauty.Denbenhams_Test" name="Debenhams" time="1.886"/>
  <system-out/>
</testsuite> <!-- beauty.Denbenhams_Test -->
