<?xml version="1.0" encoding="UTF-8"?>
<!-- Generated by org.testng.reporters.JUnitReportReporter -->
<testsuite hostname="Rekha-laptop" failures="0" tests="1" name="beauty.Boots_Test" time="3.672" errors="0" timestamp="2024-02-22T11:19:13 GMT" skipped="0">
  <testcase classname="beauty.Boots_Test" name="Bootss" time="3.672"/>
  <system-out/>
</testsuite> <!-- beauty.Boots_Test -->
