<?xml version="1.0" encoding="UTF-8"?>
<!-- Generated by org.testng.reporters.JUnitReportReporter -->
<testsuite hostname="Rekha-laptop" failures="0" tests="1" name="bags.Michael_Test" time="4.858" errors="0" timestamp="2024-02-22T11:19:13 GMT" skipped="0">
  <testcase classname="bags.Michael_Test" name="Mk" time="4.858"/>
  <system-out/>
</testsuite> <!-- bags.Michael_Test -->
