<?xml version="1.0" encoding="UTF-8"?>
<!-- Generated by org.testng.reporters.JUnitReportReporter -->
<testsuite hostname="Rekha-laptop" failures="0" tests="1" name="bags.Radley_Test" time="2.082" errors="0" timestamp="2024-02-22T11:19:13 GMT" skipped="0">
  <testcase classname="bags.Radley_Test" name="Rad" time="2.082"/>
  <system-out/>
</testsuite> <!-- bags.Radley_Test -->
