<?xml version="1.0" encoding="UTF-8"?>
<!-- Generated by org.testng.reporters.JUnitReportReporter -->
<testsuite hostname="Rekha-laptop" failures="0" tests="1" name="Food.Tesco_Test" time="2.327" errors="0" timestamp="2024-02-22T11:24:55 GMT" skipped="0">
  <testcase classname="Food.Tesco_Test" name="Tescoo" time="2.327"/>
  <system-out/>
</testsuite> <!-- Food.Tesco_Test -->
