<?xml version="1.0" encoding="UTF-8"?>
<!-- Generated by org.testng.reporters.JUnitReportReporter -->
<testsuite hostname="Rekha-laptop" failures="0" tests="1" name="Food.Asda_Test" time="1.458" errors="0" timestamp="2024-02-22T11:24:55 GMT" skipped="0">
  <testcase classname="Food.Asda_Test" name="Asdaa" time="1.458"/>
  <system-out/>
</testsuite> <!-- Food.Asda_Test -->
