<?xml version="1.0" encoding="UTF-8"?>
<!-- Generated by org.testng.reporters.JUnitReportReporter -->
<testsuite hostname="Rekha-laptop" failures="0" tests="1" name="Food.Sainsbury_Test" time="1.854" errors="0" timestamp="2024-02-22T11:24:55 GMT" skipped="0">
  <testcase classname="Food.Sainsbury_Test" name="Sainsburys" time="1.854"/>
  <system-out/>
</testsuite> <!-- Food.Sainsbury_Test -->
