<?xml version="1.0" encoding="UTF-8"?>
<!-- Generated by org.testng.reporters.JUnitReportReporter -->
<testsuite hostname="Rekha-laptop" failures="0" tests="1" name="beauty.Matalan_Test" time="2.444" errors="0" timestamp="2024-02-22T11:19:13 GMT" skipped="0">
  <testcase classname="beauty.Matalan_Test" name="Matalann" time="2.444"/>
  <system-out/>
</testsuite> <!-- beauty.Matalan_Test -->
