<?xml version="1.0" encoding="UTF-8"?>
<!-- Generated by org.testng.reporters.JUnitReportReporter -->
<testsuite hostname="Rekha-laptop" failures="0" tests="1" name="Food.Morrisons_Test" time="12.121" errors="0" timestamp="2024-02-22T11:24:55 GMT" skipped="0">
  <testcase classname="Food.Morrisons_Test" name="Morrisonss" time="12.121"/>
  <system-out/>
</testsuite> <!-- Food.Morrisons_Test -->
