<?xml version="1.0" encoding="UTF-8"?>
<!-- Generated by org.testng.reporters.JUnitReportReporter -->
<testsuite hostname="Rekha-laptop" failures="0" tests="1" name="smoke.TestScript_01_Test" time="5.494" errors="0" timestamp="2024-02-19T11:48:37 GMT" skipped="0">
  <testcase classname="smoke.TestScript_01_Test" name="demo" time="5.494"/>
</testsuite> <!-- smoke.TestScript_01_Test -->
